<?xml version="1.0" encoding="UTF-8"?>
<!-- Generated by org.testng.reporters.JUnitReportReporter -->
<testsuite hostname="rmn" failures="0" tests="4" name="api.test.UserTest2" time="7.812" errors="0" timestamp="2023-05-14T17:18:04 IST" skipped="0">
  <testcase classname="api.test.UserTest2" name="testPostUser" time="3.053"/>
  <system-out/>
  <testcase classname="api.test.UserTest2" name="testGetUserByName" time="1.206"/>
  <system-out/>
  <testcase classname="api.test.UserTest2" name="testUpdateUserByName" time="2.464"/>
  <system-out/>
  <testcase classname="api.test.UserTest2" name="testDeleteUserByName" time="1.089"/>
  <system-out/>
</testsuite> <!-- api.test.UserTest2 -->
