<?xml version="1.0" encoding="UTF-8"?>
<!-- Generated by org.testng.reporters.JUnitReportReporter -->
<testsuite hostname="rmn" failures="0" tests="4" name="api.test.UserTest" time="8.162" errors="0" timestamp="2023-05-14T14:13:10 IST" skipped="0">
  <testcase classname="api.test.UserTest" name="testPostUser" time="3.618"/>
  <system-out/>
  <testcase classname="api.test.UserTest" name="testGetUserByName" time="1.056"/>
  <system-out/>
  <testcase classname="api.test.UserTest" name="testUpdateUserByName" time="2.374"/>
  <system-out/>
  <testcase classname="api.test.UserTest" name="testDeleteUserByName" time="1.114"/>
  <system-out/>
</testsuite> <!-- api.test.UserTest -->
