<?xml version="1.0" encoding="UTF-8"?>
<!-- Generated by org.testng.reporters.JUnitReportReporter -->
<testsuite hostname="rmn" failures="0" tests="6" name="api.test.DataDrivenTest" time="10.607" errors="0" timestamp="2023-05-14T12:22:41 IST" skipped="0">
  <testcase classname="api.test.DataDrivenTest" name="testPostUser" time="3.380"/>
  <system-out/>
  <testcase classname="api.test.DataDrivenTest" name="testPostUser" time="1.453"/>
  <system-out/>
  <testcase classname="api.test.DataDrivenTest" name="testPostUser" time="1.473"/>
  <system-out/>
  <testcase classname="api.test.DataDrivenTest" name="testDeleteUserByName" time="1.435"/>
  <system-out/>
  <testcase classname="api.test.DataDrivenTest" name="testDeleteUserByName" time="1.635"/>
  <system-out/>
  <testcase classname="api.test.DataDrivenTest" name="testDeleteUserByName" time="1.231"/>
  <system-out/>
</testsuite> <!-- api.test.DataDrivenTest -->
