<?xml version="1.0" encoding="UTF-8"?>
<!-- Generated by org.testng.reporters.JUnitReportReporter -->
<testsuite hostname="rmn" failures="0" tests="4" name="api.test.UserTest2" time="9.723" errors="0" timestamp="2023-05-14T22:50:52 IST" skipped="0">
  <testcase classname="api.test.UserTest2" name="testPostUser" time="3.138"/>
  <system-out/>
  <testcase classname="api.test.UserTest2" name="testGetUserByName" time="1.676"/>
  <system-out/>
  <testcase classname="api.test.UserTest2" name="testUpdateUserByName" time="3.370"/>
  <system-out/>
  <testcase classname="api.test.UserTest2" name="testDeleteUserByName" time="1.539"/>
  <system-out/>
</testsuite> <!-- api.test.UserTest2 -->
